<?xml version="1.0" encoding="UTF-8"?>
<!-- Generated by org.testng.reporters.JUnitXMLReporter -->
<testsuite ignored="0" hostname="LAPTOP-FE8I8AGL" failures="0" tests="4" name="Home_Page_Test_Chrome" time="139.487" errors="0" timestamp="2024-05-13T19:31:42 IST">
  <testcase classname="com.qa.flights.tests.HomePageTest" name="getHomePageTitleTest" time="0.704"/>
  <testcase classname="com.qa.flights.tests.HomePageTest" name="verifyLogoTest" time="0.219"/>
  <testcase classname="com.qa.flights.tests.HomePageTest" name="clickMenuTest" time="1.152"/>
  <testcase classname="com.qa.flights.tests.HomePageTest" name="clickLoginLinkTest" time="8.051"/>
</testsuite> <!-- Home_Page_Test_Chrome -->
