<?xml version="1.0" encoding="UTF-8"?>
<!-- Generated by org.testng.reporters.JUnitXMLReporter -->
<testsuite ignored="0" hostname="LAPTOP-FE8I8AGL" failures="0" tests="4" name="Itineraries_Page_Test_Chrome" time="30.917" errors="0" timestamp="2024-05-13T19:32:13 IST">
  <testcase classname="com.qa.flights.tests.ItinerariesPageTest" name="getItinerariesTitleTest" time="0.001">
    <skipped/>
  </testcase> <!-- getItinerariesTitleTest -->
  <testcase classname="com.qa.flights.tests.ItinerariesPageTest" name="userInfoDisplayTest" time="0.0">
    <skipped/>
  </testcase> <!-- userInfoDisplayTest -->
  <testcase classname="com.qa.flights.tests.ItinerariesPageTest" name="clickBackTest" time="0.0">
    <skipped/>
  </testcase> <!-- clickBackTest -->
  <testcase classname="com.qa.flights.tests.ItinerariesPageTest" name="verifyBackToHomeTest" time="0.0">
    <skipped/>
  </testcase> <!-- verifyBackToHomeTest -->
</testsuite> <!-- Itineraries_Page_Test_Chrome -->
