<?xml version="1.0" encoding="UTF-8"?>
<!-- Generated by org.testng.reporters.JUnitXMLReporter -->
<testsuite ignored="0" hostname="LAPTOP-FE8I8AGL" failures="0" tests="3" name="Login_Page_Test_Chrome" time="153.955" errors="0" timestamp="2024-05-13T19:31:54 IST">
  <testcase classname="com.qa.flights.tests.LoginPageTest" name="getLoginPageTitleTest" time="0.089"/>
  <testcase classname="com.qa.flights.tests.LoginPageTest" name="verifyForgotPwdLinkTest" time="0.119"/>
  <testcase classname="com.qa.flights.tests.LoginPageTest" name="LoginToAppTest" time="1.936"/>
</testsuite> <!-- Login_Page_Test_Chrome -->
